INFO:root:Creation of 32 bit srec file: "D:/soft/SiliconLabs/SimplicityStudio/v4/developer/toolchains/gnu_arm/7.2_2017q4/bin/arm-none-eabi-objcopy" --srec-forceS3 -O srec "ShadeDeviceForOne320.axf" "ShadeDeviceForOne320.s37"
INFO:root:Creation of gbl file: D:\soft\SiliconLabs\SimplicityStudio\v4\developer\adapter_packs\commander\commander.exe gbl create "ShadeDeviceForOne320.gbl" --app "ShadeDeviceForOne320.s37" --device EFR32MG13P732F512GM48
INFO:root:Creation of ota file:  "D:/soft/SiliconLabs/SimplicityStudio/v4/developer/sdks/gecko_sdk_suite/v2.4/app/builder/ShadeDeviceForOne320\..\..\..\protocol\zigbee\tool\image-builder\image-builder-windows.exe" --create "ShadeDeviceForOne320.ota" --version 205 --manuf-id 0x1254 --image-type 0x0301 --tag-id 0x0000 --tag-file "ShadeDeviceForOne320.gbl" --string "EBL ShadeDeviceForOne320"
INFO:root:OTA file has been created
INFO:root:Creation of 32 bit srec file: "D:/soft/SiliconLabs/SimplicityStudio/v4/developer/toolchains/gnu_arm/7.2_2017q4/bin/arm-none-eabi-objcopy" --srec-forceS3 -O srec "ShadeDeviceForOne320.axf" "ShadeDeviceForOne320.s37"
INFO:root:Creation of gbl file: D:\soft\SiliconLabs\SimplicityStudio\v4\developer\adapter_packs\commander\commander.exe gbl create "ShadeDeviceForOne320.gbl" --app "ShadeDeviceForOne320.s37" --device EFR32MG13P732F512GM48
INFO:root:Creation of ota file:  "D:/soft/SiliconLabs/SimplicityStudio/v4/developer/sdks/gecko_sdk_suite/v2.4/app/builder/ShadeDeviceForOne320\..\..\..\protocol\zigbee\tool\image-builder\image-builder-windows.exe" --create "ShadeDeviceForOne320.ota" --version 205 --manuf-id 0x1254 --image-type 0x0301 --tag-id 0x0000 --tag-file "ShadeDeviceForOne320.gbl" --string "EBL ShadeDeviceForOne320"
INFO:root:OTA file has been created
INFO:root:Creation of 32 bit srec file: "D:/soft/SiliconLabs/SimplicityStudio/v4/developer/toolchains/gnu_arm/7.2_2017q4/bin/arm-none-eabi-objcopy" --srec-forceS3 -O srec "ShadeDeviceForOne320.axf" "ShadeDeviceForOne320.s37"
INFO:root:Creation of gbl file: D:\soft\SiliconLabs\SimplicityStudio\v4\developer\adapter_packs\commander\commander.exe gbl create "ShadeDeviceForOne320.gbl" --app "ShadeDeviceForOne320.s37" --device EFR32MG13P732F512GM48
INFO:root:Creation of ota file:  "D:/soft/SiliconLabs/SimplicityStudio/v4/developer/sdks/gecko_sdk_suite/v2.4/app/builder/ShadeDeviceForOne320\..\..\..\protocol\zigbee\tool\image-builder\image-builder-windows.exe" --create "ShadeDeviceForOne320.ota" --version 205 --manuf-id 0x1254 --image-type 0x0301 --tag-id 0x0000 --tag-file "ShadeDeviceForOne320.gbl" --string "EBL ShadeDeviceForOne320"
INFO:root:OTA file has been created
INFO:root:Creation of 32 bit srec file: "D:/soft/SiliconLabs/SimplicityStudio/v4/developer/toolchains/gnu_arm/7.2_2017q4/bin/arm-none-eabi-objcopy" --srec-forceS3 -O srec "ShadeDeviceForOne320.axf" "ShadeDeviceForOne320.s37"
INFO:root:Creation of gbl file: D:\soft\SiliconLabs\SimplicityStudio\v4\developer\adapter_packs\commander\commander.exe gbl create "ShadeDeviceForOne320.gbl" --app "ShadeDeviceForOne320.s37" --device EFR32MG13P732F512GM48
INFO:root:Creation of ota file:  "D:/soft/SiliconLabs/SimplicityStudio/v4/developer/sdks/gecko_sdk_suite/v2.4/app/builder/ShadeDeviceForOne320\..\..\..\protocol\zigbee\tool\image-builder\image-builder-windows.exe" --create "ShadeDeviceForOne320.ota" --version 205 --manuf-id 0x1254 --image-type 0x0301 --tag-id 0x0000 --tag-file "ShadeDeviceForOne320.gbl" --string "EBL ShadeDeviceForOne320"
INFO:root:OTA file has been created
INFO:root:Creation of 32 bit srec file: "D:/soft/SiliconLabs/SimplicityStudio/v4/developer/toolchains/gnu_arm/7.2_2017q4/bin/arm-none-eabi-objcopy" --srec-forceS3 -O srec "ShadeDeviceForOne320.axf" "ShadeDeviceForOne320.s37"
INFO:root:Creation of gbl file: D:\soft\SiliconLabs\SimplicityStudio\v4\developer\adapter_packs\commander\commander.exe gbl create "ShadeDeviceForOne320.gbl" --app "ShadeDeviceForOne320.s37" --device EFR32MG13P732F512GM48
INFO:root:Creation of ota file:  "D:/soft/SiliconLabs/SimplicityStudio/v4/developer/sdks/gecko_sdk_suite/v2.4/app/builder/ShadeDeviceForOne320\..\..\..\protocol\zigbee\tool\image-builder\image-builder-windows.exe" --create "ShadeDeviceForOne320.ota" --version 205 --manuf-id 0x1254 --image-type 0x0301 --tag-id 0x0000 --tag-file "ShadeDeviceForOne320.gbl" --string "EBL ShadeDeviceForOne320"
INFO:root:OTA file has been created
INFO:root:Creation of 32 bit srec file: "D:/soft/SiliconLabs/SimplicityStudio/v4/developer/toolchains/gnu_arm/7.2_2017q4/bin/arm-none-eabi-objcopy" --srec-forceS3 -O srec "ShadeDeviceForOne320.axf" "ShadeDeviceForOne320.s37"
INFO:root:Creation of gbl file: D:\soft\SiliconLabs\SimplicityStudio\v4\developer\adapter_packs\commander\commander.exe gbl create "ShadeDeviceForOne320.gbl" --app "ShadeDeviceForOne320.s37" --device EFR32MG13P732F512GM48
INFO:root:Creation of ota file:  "D:/soft/SiliconLabs/SimplicityStudio/v4/developer/sdks/gecko_sdk_suite/v2.4/app/builder/ShadeDeviceForOne320\..\..\..\protocol\zigbee\tool\image-builder\image-builder-windows.exe" --create "ShadeDeviceForOne320.ota" --version 205 --manuf-id 0x1254 --image-type 0x0301 --tag-id 0x0000 --tag-file "ShadeDeviceForOne320.gbl" --string "EBL ShadeDeviceForOne320"
INFO:root:OTA file has been created
INFO:root:Creation of 32 bit srec file: "D:/soft/SiliconLabs/SimplicityStudio/v4/developer/toolchains/gnu_arm/7.2_2017q4/bin/arm-none-eabi-objcopy" --srec-forceS3 -O srec "ShadeDeviceForOne320.axf" "ShadeDeviceForOne320.s37"
INFO:root:Creation of gbl file: D:\soft\SiliconLabs\SimplicityStudio\v4\developer\adapter_packs\commander\commander.exe gbl create "ShadeDeviceForOne320.gbl" --app "ShadeDeviceForOne320.s37" --device EFR32MG13P732F512GM48
INFO:root:Creation of ota file:  "D:/soft/SiliconLabs/SimplicityStudio/v4/developer/sdks/gecko_sdk_suite/v2.4/app/builder/ShadeDeviceForOne320\..\..\..\protocol\zigbee\tool\image-builder\image-builder-windows.exe" --create "ShadeDeviceForOne320.ota" --version 205 --manuf-id 0x1254 --image-type 0x0301 --tag-id 0x0000 --tag-file "ShadeDeviceForOne320.gbl" --string "EBL ShadeDeviceForOne320"
INFO:root:OTA file has been created
INFO:root:Creation of 32 bit srec file: "D:/soft/SiliconLabs/SimplicityStudio/v4/developer/toolchains/gnu_arm/7.2_2017q4/bin/arm-none-eabi-objcopy" --srec-forceS3 -O srec "ShadeDeviceForOne320.axf" "ShadeDeviceForOne320.s37"
INFO:root:Creation of gbl file: D:\soft\SiliconLabs\SimplicityStudio\v4\developer\adapter_packs\commander\commander.exe gbl create "ShadeDeviceForOne320.gbl" --app "ShadeDeviceForOne320.s37" --device EFR32MG13P732F512GM48
INFO:root:Creation of ota file:  "D:/soft/SiliconLabs/SimplicityStudio/v4/developer/sdks/gecko_sdk_suite/v2.4/app/builder/ShadeDeviceForOne320\..\..\..\protocol\zigbee\tool\image-builder\image-builder-windows.exe" --create "ShadeDeviceForOne320.ota" --version 205 --manuf-id 0x1254 --image-type 0x0301 --tag-id 0x0000 --tag-file "ShadeDeviceForOne320.gbl" --string "EBL ShadeDeviceForOne320"
INFO:root:OTA file has been created
INFO:root:Creation of 32 bit srec file: "D:/soft/SiliconLabs/SimplicityStudio/v4/developer/toolchains/gnu_arm/7.2_2017q4/bin/arm-none-eabi-objcopy" --srec-forceS3 -O srec "ShadeDeviceForOne320.axf" "ShadeDeviceForOne320.s37"
INFO:root:Creation of gbl file: D:\soft\SiliconLabs\SimplicityStudio\v4\developer\adapter_packs\commander\commander.exe gbl create "ShadeDeviceForOne320.gbl" --app "ShadeDeviceForOne320.s37" --device EFR32MG13P732F512GM48
INFO:root:Creation of ota file:  "D:/soft/SiliconLabs/SimplicityStudio/v4/developer/sdks/gecko_sdk_suite/v2.4/app/builder/ShadeDeviceForOne320\..\..\..\protocol\zigbee\tool\image-builder\image-builder-windows.exe" --create "ShadeDeviceForOne320.ota" --version 205 --manuf-id 0x1254 --image-type 0x0301 --tag-id 0x0000 --tag-file "ShadeDeviceForOne320.gbl" --string "EBL ShadeDeviceForOne320"
INFO:root:OTA file has been created
INFO:root:Creation of 32 bit srec file: "D:/soft/SiliconLabs/SimplicityStudio/v4/developer/toolchains/gnu_arm/7.2_2017q4/bin/arm-none-eabi-objcopy" --srec-forceS3 -O srec "ShadeDeviceForOne320.axf" "ShadeDeviceForOne320.s37"
INFO:root:Creation of gbl file: D:\soft\SiliconLabs\SimplicityStudio\v4\developer\adapter_packs\commander\commander.exe gbl create "ShadeDeviceForOne320.gbl" --app "ShadeDeviceForOne320.s37" --device EFR32MG13P732F512GM48
INFO:root:Creation of ota file:  "D:/soft/SiliconLabs/SimplicityStudio/v4/developer/sdks/gecko_sdk_suite/v2.4/app/builder/ShadeDeviceForOne320\..\..\..\protocol\zigbee\tool\image-builder\image-builder-windows.exe" --create "ShadeDeviceForOne320.ota" --version 205 --manuf-id 0x1254 --image-type 0x0301 --tag-id 0x0000 --tag-file "ShadeDeviceForOne320.gbl" --string "EBL ShadeDeviceForOne320"
INFO:root:OTA file has been created
INFO:root:Creation of 32 bit srec file: "D:/soft/SiliconLabs/SimplicityStudio/v4/developer/toolchains/gnu_arm/7.2_2017q4/bin/arm-none-eabi-objcopy" --srec-forceS3 -O srec "ShadeDeviceForOne320.axf" "ShadeDeviceForOne320.s37"
INFO:root:Creation of gbl file: D:\soft\SiliconLabs\SimplicityStudio\v4\developer\adapter_packs\commander\commander.exe gbl create "ShadeDeviceForOne320.gbl" --app "ShadeDeviceForOne320.s37" --device EFR32MG13P732F512GM48
INFO:root:Creation of ota file:  "D:/soft/SiliconLabs/SimplicityStudio/v4/developer/sdks/gecko_sdk_suite/v2.4/app/builder/ShadeDeviceForOne320\..\..\..\protocol\zigbee\tool\image-builder\image-builder-windows.exe" --create "ShadeDeviceForOne320.ota" --version 206 --manuf-id 0x1254 --image-type 0x0301 --tag-id 0x0000 --tag-file "ShadeDeviceForOne320.gbl" --string "EBL ShadeDeviceForOne320"
INFO:root:OTA file has been created
INFO:root:Creation of 32 bit srec file: "D:/soft/SiliconLabs/SimplicityStudio/v4/developer/toolchains/gnu_arm/7.2_2017q4/bin/arm-none-eabi-objcopy" --srec-forceS3 -O srec "ShadeDeviceForOne320.axf" "ShadeDeviceForOne320.s37"
INFO:root:Creation of gbl file: D:\soft\SiliconLabs\SimplicityStudio\v4\developer\adapter_packs\commander\commander.exe gbl create "ShadeDeviceForOne320.gbl" --app "ShadeDeviceForOne320.s37" --device EFR32MG13P732F512GM48
INFO:root:Creation of ota file:  "D:/soft/SiliconLabs/SimplicityStudio/v4/developer/sdks/gecko_sdk_suite/v2.4/app/builder/ShadeDeviceForOne320\..\..\..\protocol\zigbee\tool\image-builder\image-builder-windows.exe" --create "ShadeDeviceForOne320.ota" --version 206 --manuf-id 0x1254 --image-type 0x0301 --tag-id 0x0000 --tag-file "ShadeDeviceForOne320.gbl" --string "EBL ShadeDeviceForOne320"
INFO:root:OTA file has been created
INFO:root:Creation of 32 bit srec file: "D:/soft/SiliconLabs/SimplicityStudio/v4/developer/toolchains/gnu_arm/7.2_2017q4/bin/arm-none-eabi-objcopy" --srec-forceS3 -O srec "ShadeDeviceForOne320.axf" "ShadeDeviceForOne320.s37"
INFO:root:Creation of gbl file: D:\soft\SiliconLabs\SimplicityStudio\v4\developer\adapter_packs\commander\commander.exe gbl create "ShadeDeviceForOne320.gbl" --app "ShadeDeviceForOne320.s37" --device EFR32MG13P732F512GM48
INFO:root:Creation of ota file:  "D:/soft/SiliconLabs/SimplicityStudio/v4/developer/sdks/gecko_sdk_suite/v2.4/app/builder/ShadeDeviceForOne320\..\..\..\protocol\zigbee\tool\image-builder\image-builder-windows.exe" --create "ShadeDeviceForOne320.ota" --version 0x41 --manuf-id 0x1254 --image-type 0x0301 --tag-id 0x0000 --tag-file "ShadeDeviceForOne320.gbl" --string "EBL ShadeDeviceForOne320"
INFO:root:OTA file has been created
INFO:root:Creation of 32 bit srec file: "D:/soft/SiliconLabs/SimplicityStudio/v4/developer/toolchains/gnu_arm/7.2_2017q4/bin/arm-none-eabi-objcopy" --srec-forceS3 -O srec "ShadeDeviceForOne320.axf" "ShadeDeviceForOne320.s37"
INFO:root:Creation of gbl file: D:\soft\SiliconLabs\SimplicityStudio\v4\developer\adapter_packs\commander\commander.exe gbl create "ShadeDeviceForOne320.gbl" --app "ShadeDeviceForOne320.s37" --device EFR32MG13P732F512GM48
INFO:root:Creation of ota file:  "D:/soft/SiliconLabs/SimplicityStudio/v4/developer/sdks/gecko_sdk_suite/v2.4/app/builder/ShadeDeviceForOne320\..\..\..\protocol\zigbee\tool\image-builder\image-builder-windows.exe" --create "ShadeDeviceForOne320.ota" --version 0x42 --manuf-id 0x1254 --image-type 0x0301 --tag-id 0x0000 --tag-file "ShadeDeviceForOne320.gbl" --string "EBL ShadeDeviceForOne320"
INFO:root:OTA file has been created
